app/build/intermediates/manifest_merge_blame_file/debug/processDebugMainManifest/manifest-merger-blame-debug-report.txt
1<?xml version="1.0" encoding="utf-8"?>
2<manifest xmlns:android="http://schemas.android.com/apk/res/android"
3    package="com.example.clevertapintegration"
4    android:versionCode="1"
5    android:versionName="1.0" >
6
7    <uses-sdk
8        android:minSdkVersion="24"
9        android:targetSdkVersion="35" />
10
11    <!-- Required to allow the app to send events and user profile information -->
12    <uses-permission android:name="android.permission.INTERNET" />
12-->src\main\AndroidManifest.xml:6:5-66
12-->src\main\AndroidManifest.xml:6:22-64
13    <!-- Recommended so that CleverTap knows when to attempt a network call -->
14    <uses-permission android:name="android.permission.ACCESS_NETWORK_STATE" />
14-->src\main\AndroidManifest.xml:8:5-78
14-->src\main\AndroidManifest.xml:8:22-76
15
16    <!-- Required runtime permission to display notifications on Android 13 -->
17    <uses-permission android:name="android.permission.POST_NOTIFICATIONS" />
17-->[com.clevertap.android:clevertap-android-sdk:7.2.2] AndroidManifest.xml:7:5-77
17-->[com.clevertap.android:clevertap-android-sdk:7.2.2] AndroidManifest.xml:7:22-74
18    <uses-permission android:name="android.permission.WAKE_LOCK" /> <!-- Required by older versions of Google Play services to create IID tokens -->
18-->[com.google.firebase:firebase-messaging:24.1.0] AndroidManifest.xml:24:5-68
18-->[com.google.firebase:firebase-messaging:24.1.0] AndroidManifest.xml:24:22-65
19    <uses-permission android:name="com.google.android.c2dm.permission.RECEIVE" />
19-->[com.google.firebase:firebase-messaging:24.1.0] AndroidManifest.xml:26:5-82
19-->[com.google.firebase:firebase-messaging:24.1.0] AndroidManifest.xml:26:22-79
20    <uses-permission android:name="com.google.android.finsky.permission.BIND_GET_INSTALL_REFERRER_SERVICE" />
20-->[com.google.android.gms:play-services-measurement:22.2.0] AndroidManifest.xml:26:5-110
20-->[com.google.android.gms:play-services-measurement:22.2.0] AndroidManifest.xml:26:22-107
21    <uses-permission android:name="com.google.android.gms.permission.AD_ID" />
21-->[com.google.android.gms:play-services-measurement-api:22.2.0] AndroidManifest.xml:25:5-79
21-->[com.google.android.gms:play-services-measurement-api:22.2.0] AndroidManifest.xml:25:22-76
22    <uses-permission android:name="android.permission.ACCESS_ADSERVICES_ATTRIBUTION" />
22-->[com.google.android.gms:play-services-measurement-api:22.2.0] AndroidManifest.xml:26:5-88
22-->[com.google.android.gms:play-services-measurement-api:22.2.0] AndroidManifest.xml:26:22-85
23    <uses-permission android:name="android.permission.ACCESS_ADSERVICES_AD_ID" />
23-->[com.google.android.gms:play-services-measurement-api:22.2.0] AndroidManifest.xml:27:5-82
23-->[com.google.android.gms:play-services-measurement-api:22.2.0] AndroidManifest.xml:27:22-79
24    <uses-permission android:name="android.permission.RECEIVE_BOOT_COMPLETED" />
24-->[androidx.work:work-runtime:2.9.1] AndroidManifest.xml:25:5-81
24-->[androidx.work:work-runtime:2.9.1] AndroidManifest.xml:25:22-78
25    <uses-permission android:name="android.permission.FOREGROUND_SERVICE" />
25-->[androidx.work:work-runtime:2.9.1] AndroidManifest.xml:26:5-77
25-->[androidx.work:work-runtime:2.9.1] AndroidManifest.xml:26:22-74
26
27    <permission
27-->[androidx.core:core:1.13.0] AndroidManifest.xml:22:5-24:47
28        android:name="com.example.clevertapintegration.DYNAMIC_RECEIVER_NOT_EXPORTED_PERMISSION"
28-->[androidx.core:core:1.13.0] AndroidManifest.xml:23:9-81
29        android:protectionLevel="signature" />
29-->[androidx.core:core:1.13.0] AndroidManifest.xml:24:9-44
30
31    <uses-permission android:name="com.example.clevertapintegration.DYNAMIC_RECEIVER_NOT_EXPORTED_PERMISSION" />
31-->[androidx.core:core:1.13.0] AndroidManifest.xml:26:5-97
31-->[androidx.core:core:1.13.0] AndroidManifest.xml:26:22-94
32
33    <application
33-->src\main\AndroidManifest.xml:10:5-54:19
34        android:name="com.clevertap.android.sdk.Application"
34-->src\main\AndroidManifest.xml:15:9-61
35        android:allowBackup="true"
35-->src\main\AndroidManifest.xml:11:9-35
36        android:appComponentFactory="androidx.core.app.CoreComponentFactory"
36-->[androidx.core:core:1.13.0] AndroidManifest.xml:28:18-86
37        android:dataExtractionRules="@xml/data_extraction_rules"
37-->src\main\AndroidManifest.xml:12:9-65
38        android:debuggable="true"
39        android:extractNativeLibs="false"
40        android:fullBackupContent="@xml/backup_rules"
40-->src\main\AndroidManifest.xml:13:9-54
41        android:icon="@mipmap/ic_launcher"
41-->src\main\AndroidManifest.xml:14:9-43
42        android:label="CleverTapIntegration"
42-->src\main\AndroidManifest.xml:16:9-45
43        android:roundIcon="@mipmap/ic_launcher_round"
43-->src\main\AndroidManifest.xml:17:9-54
44        android:supportsRtl="true"
44-->src\main\AndroidManifest.xml:18:9-35
45        android:theme="@style/Theme.CleverTapIntegration" >
45-->src\main\AndroidManifest.xml:19:9-58
46        <service
46-->src\main\AndroidManifest.xml:22:9-28:19
47            android:name="com.example.clevertapintegration.MyFirebaseMessagingService"
47-->src\main\AndroidManifest.xml:23:13-55
48            android:exported="false" >
48-->src\main\AndroidManifest.xml:24:13-37
49            <intent-filter>
49-->src\main\AndroidManifest.xml:25:13-27:29
50                <action android:name="com.google.firebase.MESSAGING_EVENT" />
50-->src\main\AndroidManifest.xml:26:17-77
50-->src\main\AndroidManifest.xml:26:25-75
51            </intent-filter>
52        </service>
53
54        <meta-data
54-->src\main\AndroidManifest.xml:32:9-34:43
55            android:name="CLEVERTAP_ACCOUNT_ID"
55-->src\main\AndroidManifest.xml:33:13-48
56            android:value="Z44-Z4K-K65Z" />
56-->src\main\AndroidManifest.xml:34:13-41
57        <meta-data
57-->src\main\AndroidManifest.xml:35:9-37:43
58            android:name="CLEVERTAP_TOKEN"
58-->src\main\AndroidManifest.xml:36:13-43
59            android:value="TEST-341-441" />
59-->src\main\AndroidManifest.xml:37:13-41
60        <!-- IMPORTANT: To force use Google AD ID to uniquely identify  users, use the following meta tag. GDPR mandates that if you are using this tag, there is prominent disclousure to your end customer in their application. Read more about GDPR here - https://clevertap.com/blog/in-preparation-of-gdpr-compliance/ -->
61        <meta-data
61-->src\main\AndroidManifest.xml:39:9-41:32
62            android:name="CLEVERTAP_USE_GOOGLE_AD_ID"
62-->src\main\AndroidManifest.xml:40:13-54
63            android:value="1" />
63-->src\main\AndroidManifest.xml:41:13-30
64
65        <activity
65-->src\main\AndroidManifest.xml:43:9-53:20
66            android:name="com.example.clevertapintegration.MainActivity"
66-->src\main\AndroidManifest.xml:44:13-41
67            android:exported="true"
67-->src\main\AndroidManifest.xml:45:13-36
68            android:label="@string/app_name"
68-->src\main\AndroidManifest.xml:46:13-45
69            android:theme="@style/Theme.CleverTapIntegration" >
69-->src\main\AndroidManifest.xml:47:13-62
70            <intent-filter>
70-->src\main\AndroidManifest.xml:48:13-52:29
71                <action android:name="android.intent.action.MAIN" />
71-->src\main\AndroidManifest.xml:49:17-69
71-->src\main\AndroidManifest.xml:49:25-66
72
73                <category android:name="android.intent.category.LAUNCHER" />
73-->src\main\AndroidManifest.xml:51:17-77
73-->src\main\AndroidManifest.xml:51:27-74
74            </intent-filter>
75        </activity>
76        <activity
76-->[com.clevertap.android:clevertap-android-sdk:7.2.2] AndroidManifest.xml:10:9-13:75
77            android:name="com.clevertap.android.sdk.InAppNotificationActivity"
77-->[com.clevertap.android:clevertap-android-sdk:7.2.2] AndroidManifest.xml:11:13-79
78            android:configChanges="keyboardHidden"
78-->[com.clevertap.android:clevertap-android-sdk:7.2.2] AndroidManifest.xml:12:13-51
79            android:theme="@android:style/Theme.Translucent.NoTitleBar" />
79-->[com.clevertap.android:clevertap-android-sdk:7.2.2] AndroidManifest.xml:13:13-72
80        <activity
80-->[com.clevertap.android:clevertap-android-sdk:7.2.2] AndroidManifest.xml:14:9-17:77
81            android:name="com.clevertap.android.sdk.inbox.CTInboxActivity"
81-->[com.clevertap.android:clevertap-android-sdk:7.2.2] AndroidManifest.xml:15:13-75
82            android:configChanges="keyboardHidden"
82-->[com.clevertap.android:clevertap-android-sdk:7.2.2] AndroidManifest.xml:16:13-51
83            android:theme="@style/Theme.AppCompat.DayNight.DarkActionBar" />
83-->[com.clevertap.android:clevertap-android-sdk:7.2.2] AndroidManifest.xml:17:13-74
84
85        <receiver
85-->[com.clevertap.android:clevertap-android-sdk:7.2.2] AndroidManifest.xml:19:9-22:40
86            android:name="com.clevertap.android.sdk.pushnotification.CTPushNotificationReceiver"
86-->[com.clevertap.android:clevertap-android-sdk:7.2.2] AndroidManifest.xml:20:13-97
87            android:enabled="true"
87-->[com.clevertap.android:clevertap-android-sdk:7.2.2] AndroidManifest.xml:21:13-35
88            android:exported="false" />
88-->[com.clevertap.android:clevertap-android-sdk:7.2.2] AndroidManifest.xml:22:13-37
89        <receiver
89-->[com.clevertap.android:clevertap-android-sdk:7.2.2] AndroidManifest.xml:23:9-30:20
90            android:name="com.clevertap.android.sdk.pushnotification.fcm.CTFirebaseMessagingReceiver"
90-->[com.clevertap.android:clevertap-android-sdk:7.2.2] AndroidManifest.xml:24:13-102
91            android:exported="true"
91-->[com.clevertap.android:clevertap-android-sdk:7.2.2] AndroidManifest.xml:25:13-36
92            android:permission="com.google.android.c2dm.permission.SEND" >
92-->[com.clevertap.android:clevertap-android-sdk:7.2.2] AndroidManifest.xml:26:13-73
93            <intent-filter android:priority="-1" >
93-->[com.clevertap.android:clevertap-android-sdk:7.2.2] AndroidManifest.xml:27:13-29:29
93-->[com.clevertap.android:clevertap-android-sdk:7.2.2] AndroidManifest.xml:27:28-49
94                <action android:name="com.google.android.c2dm.intent.RECEIVE" />
94-->[com.clevertap.android:clevertap-android-sdk:7.2.2] AndroidManifest.xml:28:17-81
94-->[com.clevertap.android:clevertap-android-sdk:7.2.2] AndroidManifest.xml:28:25-78
95            </intent-filter>
96        </receiver>
97
98        <activity
98-->[androidx.compose.ui:ui-tooling-android:1.6.6] AndroidManifest.xml:23:9-25:39
99            android:name="androidx.compose.ui.tooling.PreviewActivity"
99-->[androidx.compose.ui:ui-tooling-android:1.6.6] AndroidManifest.xml:24:13-71
100            android:exported="true" />
100-->[androidx.compose.ui:ui-tooling-android:1.6.6] AndroidManifest.xml:25:13-36
101        <activity
101-->[androidx.compose.ui:ui-test-manifest:1.6.6] AndroidManifest.xml:23:9-25:39
102            android:name="androidx.activity.ComponentActivity"
102-->[androidx.compose.ui:ui-test-manifest:1.6.6] AndroidManifest.xml:24:13-63
103            android:exported="true" />
103-->[androidx.compose.ui:ui-test-manifest:1.6.6] AndroidManifest.xml:25:13-36
104
105        <receiver
105-->[com.google.firebase:firebase-messaging:24.1.0] AndroidManifest.xml:29:9-40:20
106            android:name="com.google.firebase.iid.FirebaseInstanceIdReceiver"
106-->[com.google.firebase:firebase-messaging:24.1.0] AndroidManifest.xml:30:13-78
107            android:exported="true"
107-->[com.google.firebase:firebase-messaging:24.1.0] AndroidManifest.xml:31:13-36
108            android:permission="com.google.android.c2dm.permission.SEND" >
108-->[com.google.firebase:firebase-messaging:24.1.0] AndroidManifest.xml:32:13-73
109            <intent-filter>
109-->[com.clevertap.android:clevertap-android-sdk:7.2.2] AndroidManifest.xml:27:13-29:29
110                <action android:name="com.google.android.c2dm.intent.RECEIVE" />
110-->[com.clevertap.android:clevertap-android-sdk:7.2.2] AndroidManifest.xml:28:17-81
110-->[com.clevertap.android:clevertap-android-sdk:7.2.2] AndroidManifest.xml:28:25-78
111            </intent-filter>
112
113            <meta-data
113-->[com.google.firebase:firebase-messaging:24.1.0] AndroidManifest.xml:37:13-39:40
114                android:name="com.google.android.gms.cloudmessaging.FINISHED_AFTER_HANDLED"
114-->[com.google.firebase:firebase-messaging:24.1.0] AndroidManifest.xml:38:17-92
115                android:value="true" />
115-->[com.google.firebase:firebase-messaging:24.1.0] AndroidManifest.xml:39:17-37
116        </receiver>
117        <!--
118             FirebaseMessagingService performs security checks at runtime,
119             but set to not exported to explicitly avoid allowing another app to call it.
120        -->
121        <service
121-->[com.google.firebase:firebase-messaging:24.1.0] AndroidManifest.xml:46:9-53:19
122            android:name="com.google.firebase.messaging.FirebaseMessagingService"
122-->[com.google.firebase:firebase-messaging:24.1.0] AndroidManifest.xml:47:13-82
123            android:directBootAware="true"
123-->[com.google.firebase:firebase-messaging:24.1.0] AndroidManifest.xml:48:13-43
124            android:exported="false" >
124-->[com.google.firebase:firebase-messaging:24.1.0] AndroidManifest.xml:49:13-37
125            <intent-filter android:priority="-500" >
125-->src\main\AndroidManifest.xml:25:13-27:29
126                <action android:name="com.google.firebase.MESSAGING_EVENT" />
126-->src\main\AndroidManifest.xml:26:17-77
126-->src\main\AndroidManifest.xml:26:25-75
127            </intent-filter>
128        </service>
129        <service
129-->[com.google.firebase:firebase-messaging:24.1.0] AndroidManifest.xml:54:9-63:19
130            android:name="com.google.firebase.components.ComponentDiscoveryService"
130-->[com.google.firebase:firebase-messaging:24.1.0] AndroidManifest.xml:55:13-84
131            android:directBootAware="true"
131-->[com.google.firebase:firebase-common:21.0.0] AndroidManifest.xml:32:13-43
132            android:exported="false" >
132-->[com.google.firebase:firebase-messaging:24.1.0] AndroidManifest.xml:56:13-37
133            <meta-data
133-->[com.google.firebase:firebase-messaging:24.1.0] AndroidManifest.xml:57:13-59:85
134                android:name="com.google.firebase.components:com.google.firebase.messaging.FirebaseMessagingKtxRegistrar"
134-->[com.google.firebase:firebase-messaging:24.1.0] AndroidManifest.xml:58:17-122
135                android:value="com.google.firebase.components.ComponentRegistrar" />
135-->[com.google.firebase:firebase-messaging:24.1.0] AndroidManifest.xml:59:17-82
136            <meta-data
136-->[com.google.firebase:firebase-messaging:24.1.0] AndroidManifest.xml:60:13-62:85
137                android:name="com.google.firebase.components:com.google.firebase.messaging.FirebaseMessagingRegistrar"
137-->[com.google.firebase:firebase-messaging:24.1.0] AndroidManifest.xml:61:17-119
138                android:value="com.google.firebase.components.ComponentRegistrar" />
138-->[com.google.firebase:firebase-messaging:24.1.0] AndroidManifest.xml:62:17-82
139            <meta-data
139-->[com.google.android.gms:play-services-measurement-api:22.2.0] AndroidManifest.xml:33:13-35:85
140                android:name="com.google.firebase.components:com.google.firebase.analytics.connector.internal.AnalyticsConnectorRegistrar"
140-->[com.google.android.gms:play-services-measurement-api:22.2.0] AndroidManifest.xml:34:17-139
141                android:value="com.google.firebase.components.ComponentRegistrar" />
141-->[com.google.android.gms:play-services-measurement-api:22.2.0] AndroidManifest.xml:35:17-82
142            <meta-data
142-->[com.google.firebase:firebase-installations:18.0.0] AndroidManifest.xml:15:13-17:85
143                android:name="com.google.firebase.components:com.google.firebase.installations.FirebaseInstallationsKtxRegistrar"
143-->[com.google.firebase:firebase-installations:18.0.0] AndroidManifest.xml:16:17-130
144                android:value="com.google.firebase.components.ComponentRegistrar" />
144-->[com.google.firebase:firebase-installations:18.0.0] AndroidManifest.xml:17:17-82
145            <meta-data
145-->[com.google.firebase:firebase-installations:18.0.0] AndroidManifest.xml:18:13-20:85
146                android:name="com.google.firebase.components:com.google.firebase.installations.FirebaseInstallationsRegistrar"
146-->[com.google.firebase:firebase-installations:18.0.0] AndroidManifest.xml:19:17-127
147                android:value="com.google.firebase.components.ComponentRegistrar" />
147-->[com.google.firebase:firebase-installations:18.0.0] AndroidManifest.xml:20:17-82
148            <meta-data
148-->[com.google.firebase:firebase-common-ktx:21.0.0] AndroidManifest.xml:12:13-14:85
149                android:name="com.google.firebase.components:com.google.firebase.ktx.FirebaseCommonLegacyRegistrar"
149-->[com.google.firebase:firebase-common-ktx:21.0.0] AndroidManifest.xml:13:17-116
150                android:value="com.google.firebase.components.ComponentRegistrar" />
150-->[com.google.firebase:firebase-common-ktx:21.0.0] AndroidManifest.xml:14:17-82
151            <meta-data
151-->[com.google.firebase:firebase-common:21.0.0] AndroidManifest.xml:35:13-37:85
152                android:name="com.google.firebase.components:com.google.firebase.FirebaseCommonKtxRegistrar"
152-->[com.google.firebase:firebase-common:21.0.0] AndroidManifest.xml:36:17-109
153                android:value="com.google.firebase.components.ComponentRegistrar" />
153-->[com.google.firebase:firebase-common:21.0.0] AndroidManifest.xml:37:17-82
154            <meta-data
154-->[com.google.firebase:firebase-datatransport:18.2.0] AndroidManifest.xml:25:13-27:85
155                android:name="com.google.firebase.components:com.google.firebase.datatransport.TransportRegistrar"
155-->[com.google.firebase:firebase-datatransport:18.2.0] AndroidManifest.xml:26:17-115
156                android:value="com.google.firebase.components.ComponentRegistrar" />
156-->[com.google.firebase:firebase-datatransport:18.2.0] AndroidManifest.xml:27:17-82
157        </service>
158
159        <receiver
159-->[com.google.android.gms:play-services-measurement:22.2.0] AndroidManifest.xml:29:9-33:20
160            android:name="com.google.android.gms.measurement.AppMeasurementReceiver"
160-->[com.google.android.gms:play-services-measurement:22.2.0] AndroidManifest.xml:30:13-85
161            android:enabled="true"
161-->[com.google.android.gms:play-services-measurement:22.2.0] AndroidManifest.xml:31:13-35
162            android:exported="false" >
162-->[com.google.android.gms:play-services-measurement:22.2.0] AndroidManifest.xml:32:13-37
163        </receiver>
164
165        <service
165-->[com.google.android.gms:play-services-measurement:22.2.0] AndroidManifest.xml:35:9-38:40
166            android:name="com.google.android.gms.measurement.AppMeasurementService"
166-->[com.google.android.gms:play-services-measurement:22.2.0] AndroidManifest.xml:36:13-84
167            android:enabled="true"
167-->[com.google.android.gms:play-services-measurement:22.2.0] AndroidManifest.xml:37:13-35
168            android:exported="false" />
168-->[com.google.android.gms:play-services-measurement:22.2.0] AndroidManifest.xml:38:13-37
169        <service
169-->[com.google.android.gms:play-services-measurement:22.2.0] AndroidManifest.xml:39:9-43:72
170            android:name="com.google.android.gms.measurement.AppMeasurementJobService"
170-->[com.google.android.gms:play-services-measurement:22.2.0] AndroidManifest.xml:40:13-87
171            android:enabled="true"
171-->[com.google.android.gms:play-services-measurement:22.2.0] AndroidManifest.xml:41:13-35
172            android:exported="false"
172-->[com.google.android.gms:play-services-measurement:22.2.0] AndroidManifest.xml:42:13-37
173            android:permission="android.permission.BIND_JOB_SERVICE" />
173-->[com.google.android.gms:play-services-measurement:22.2.0] AndroidManifest.xml:43:13-69
174
175        <provider
175-->[com.google.firebase:firebase-common:21.0.0] AndroidManifest.xml:23:9-28:39
176            android:name="com.google.firebase.provider.FirebaseInitProvider"
176-->[com.google.firebase:firebase-common:21.0.0] AndroidManifest.xml:24:13-77
177            android:authorities="com.example.clevertapintegration.firebaseinitprovider"
177-->[com.google.firebase:firebase-common:21.0.0] AndroidManifest.xml:25:13-72
178            android:directBootAware="true"
178-->[com.google.firebase:firebase-common:21.0.0] AndroidManifest.xml:26:13-43
179            android:exported="false"
179-->[com.google.firebase:firebase-common:21.0.0] AndroidManifest.xml:27:13-37
180            android:initOrder="100" />
180-->[com.google.firebase:firebase-common:21.0.0] AndroidManifest.xml:28:13-36
181
182        <activity
182-->[com.google.android.gms:play-services-base:18.5.0] AndroidManifest.xml:5:9-173
183            android:name="com.google.android.gms.common.api.GoogleApiActivity"
183-->[com.google.android.gms:play-services-base:18.5.0] AndroidManifest.xml:5:19-85
184            android:exported="false"
184-->[com.google.android.gms:play-services-base:18.5.0] AndroidManifest.xml:5:146-170
185            android:theme="@android:style/Theme.Translucent.NoTitleBar" />
185-->[com.google.android.gms:play-services-base:18.5.0] AndroidManifest.xml:5:86-145
186
187        <provider
187-->[androidx.work:work-runtime:2.9.1] AndroidManifest.xml:29:9-37:20
188            android:name="androidx.startup.InitializationProvider"
188-->[androidx.work:work-runtime:2.9.1] AndroidManifest.xml:30:13-67
189            android:authorities="com.example.clevertapintegration.androidx-startup"
189-->[androidx.work:work-runtime:2.9.1] AndroidManifest.xml:31:13-68
190            android:exported="false" >
190-->[androidx.work:work-runtime:2.9.1] AndroidManifest.xml:32:13-37
191            <meta-data
191-->[androidx.work:work-runtime:2.9.1] AndroidManifest.xml:34:13-36:52
192                android:name="androidx.work.WorkManagerInitializer"
192-->[androidx.work:work-runtime:2.9.1] AndroidManifest.xml:35:17-68
193                android:value="androidx.startup" />
193-->[androidx.work:work-runtime:2.9.1] AndroidManifest.xml:36:17-49
194            <meta-data
194-->[androidx.emoji2:emoji2:1.3.0] AndroidManifest.xml:29:13-31:52
195                android:name="androidx.emoji2.text.EmojiCompatInitializer"
195-->[androidx.emoji2:emoji2:1.3.0] AndroidManifest.xml:30:17-75
196                android:value="androidx.startup" />
196-->[androidx.emoji2:emoji2:1.3.0] AndroidManifest.xml:31:17-49
197            <meta-data
197-->[androidx.lifecycle:lifecycle-process:2.6.2] AndroidManifest.xml:29:13-31:52
198                android:name="androidx.lifecycle.ProcessLifecycleInitializer"
198-->[androidx.lifecycle:lifecycle-process:2.6.2] AndroidManifest.xml:30:17-78
199                android:value="androidx.startup" />
199-->[androidx.lifecycle:lifecycle-process:2.6.2] AndroidManifest.xml:31:17-49
200            <meta-data
200-->[androidx.profileinstaller:profileinstaller:1.3.1] AndroidManifest.xml:29:13-31:52
201                android:name="androidx.profileinstaller.ProfileInstallerInitializer"
201-->[androidx.profileinstaller:profileinstaller:1.3.1] AndroidManifest.xml:30:17-85
202                android:value="androidx.startup" />
202-->[androidx.profileinstaller:profileinstaller:1.3.1] AndroidManifest.xml:31:17-49
203        </provider>
204
205        <service
205-->[androidx.work:work-runtime:2.9.1] AndroidManifest.xml:39:9-45:35
206            android:name="androidx.work.impl.background.systemalarm.SystemAlarmService"
206-->[androidx.work:work-runtime:2.9.1] AndroidManifest.xml:40:13-88
207            android:directBootAware="false"
207-->[androidx.work:work-runtime:2.9.1] AndroidManifest.xml:41:13-44
208            android:enabled="@bool/enable_system_alarm_service_default"
208-->[androidx.work:work-runtime:2.9.1] AndroidManifest.xml:42:13-72
209            android:exported="false" />
209-->[androidx.work:work-runtime:2.9.1] AndroidManifest.xml:43:13-37
210        <service
210-->[androidx.work:work-runtime:2.9.1] AndroidManifest.xml:46:9-52:35
211            android:name="androidx.work.impl.background.systemjob.SystemJobService"
211-->[androidx.work:work-runtime:2.9.1] AndroidManifest.xml:47:13-84
212            android:directBootAware="false"
212-->[androidx.work:work-runtime:2.9.1] AndroidManifest.xml:48:13-44
213            android:enabled="@bool/enable_system_job_service_default"
213-->[androidx.work:work-runtime:2.9.1] AndroidManifest.xml:49:13-70
214            android:exported="true"
214-->[androidx.work:work-runtime:2.9.1] AndroidManifest.xml:50:13-36
215            android:permission="android.permission.BIND_JOB_SERVICE" />
215-->[androidx.work:work-runtime:2.9.1] AndroidManifest.xml:51:13-69
216        <service
216-->[androidx.work:work-runtime:2.9.1] AndroidManifest.xml:53:9-59:35
217            android:name="androidx.work.impl.foreground.SystemForegroundService"
217-->[androidx.work:work-runtime:2.9.1] AndroidManifest.xml:54:13-81
218            android:directBootAware="false"
218-->[androidx.work:work-runtime:2.9.1] AndroidManifest.xml:55:13-44
219            android:enabled="@bool/enable_system_foreground_service_default"
219-->[androidx.work:work-runtime:2.9.1] AndroidManifest.xml:56:13-77
220            android:exported="false" />
220-->[androidx.work:work-runtime:2.9.1] AndroidManifest.xml:57:13-37
221
222        <receiver
222-->[androidx.work:work-runtime:2.9.1] AndroidManifest.xml:61:9-66:35
223            android:name="androidx.work.impl.utils.ForceStopRunnable$BroadcastReceiver"
223-->[androidx.work:work-runtime:2.9.1] AndroidManifest.xml:62:13-88
224            android:directBootAware="false"
224-->[androidx.work:work-runtime:2.9.1] AndroidManifest.xml:63:13-44
225            android:enabled="true"
225-->[androidx.work:work-runtime:2.9.1] AndroidManifest.xml:64:13-35
226            android:exported="false" />
226-->[androidx.work:work-runtime:2.9.1] AndroidManifest.xml:65:13-37
227        <receiver
227-->[androidx.work:work-runtime:2.9.1] AndroidManifest.xml:67:9-77:20
228            android:name="androidx.work.impl.background.systemalarm.ConstraintProxy$BatteryChargingProxy"
228-->[androidx.work:work-runtime:2.9.1] AndroidManifest.xml:68:13-106
229            android:directBootAware="false"
229-->[androidx.work:work-runtime:2.9.1] AndroidManifest.xml:69:13-44
230            android:enabled="false"
230-->[androidx.work:work-runtime:2.9.1] AndroidManifest.xml:70:13-36
231            android:exported="false" >
231-->[androidx.work:work-runtime:2.9.1] AndroidManifest.xml:71:13-37
232            <intent-filter>
232-->[androidx.work:work-runtime:2.9.1] AndroidManifest.xml:73:13-76:29
233                <action android:name="android.intent.action.ACTION_POWER_CONNECTED" />
233-->[androidx.work:work-runtime:2.9.1] AndroidManifest.xml:74:17-87
233-->[androidx.work:work-runtime:2.9.1] AndroidManifest.xml:74:25-84
234                <action android:name="android.intent.action.ACTION_POWER_DISCONNECTED" />
234-->[androidx.work:work-runtime:2.9.1] AndroidManifest.xml:75:17-90
234-->[androidx.work:work-runtime:2.9.1] AndroidManifest.xml:75:25-87
235            </intent-filter>
236        </receiver>
237        <receiver
237-->[androidx.work:work-runtime:2.9.1] AndroidManifest.xml:78:9-88:20
238            android:name="androidx.work.impl.background.systemalarm.ConstraintProxy$BatteryNotLowProxy"
238-->[androidx.work:work-runtime:2.9.1] AndroidManifest.xml:79:13-104
239            android:directBootAware="false"
239-->[androidx.work:work-runtime:2.9.1] AndroidManifest.xml:80:13-44
240            android:enabled="false"
240-->[androidx.work:work-runtime:2.9.1] AndroidManifest.xml:81:13-36
241            android:exported="false" >
241-->[androidx.work:work-runtime:2.9.1] AndroidManifest.xml:82:13-37
242            <intent-filter>
242-->[androidx.work:work-runtime:2.9.1] AndroidManifest.xml:84:13-87:29
243                <action android:name="android.intent.action.BATTERY_OKAY" />
243-->[androidx.work:work-runtime:2.9.1] AndroidManifest.xml:85:17-77
243-->[androidx.work:work-runtime:2.9.1] AndroidManifest.xml:85:25-74
244                <action android:name="android.intent.action.BATTERY_LOW" />
244-->[androidx.work:work-runtime:2.9.1] AndroidManifest.xml:86:17-76
244-->[androidx.work:work-runtime:2.9.1] AndroidManifest.xml:86:25-73
245            </intent-filter>
246        </receiver>
247        <receiver
247-->[androidx.work:work-runtime:2.9.1] AndroidManifest.xml:89:9-99:20
248            android:name="androidx.work.impl.background.systemalarm.ConstraintProxy$StorageNotLowProxy"
248-->[androidx.work:work-runtime:2.9.1] AndroidManifest.xml:90:13-104
249            android:directBootAware="false"
249-->[androidx.work:work-runtime:2.9.1] AndroidManifest.xml:91:13-44
250            android:enabled="false"
250-->[androidx.work:work-runtime:2.9.1] AndroidManifest.xml:92:13-36
251            android:exported="false" >
251-->[androidx.work:work-runtime:2.9.1] AndroidManifest.xml:93:13-37
252            <intent-filter>
252-->[androidx.work:work-runtime:2.9.1] AndroidManifest.xml:95:13-98:29
253                <action android:name="android.intent.action.DEVICE_STORAGE_LOW" />
253-->[androidx.work:work-runtime:2.9.1] AndroidManifest.xml:96:17-83
253-->[androidx.work:work-runtime:2.9.1] AndroidManifest.xml:96:25-80
254                <action android:name="android.intent.action.DEVICE_STORAGE_OK" />
254-->[androidx.work:work-runtime:2.9.1] AndroidManifest.xml:97:17-82
254-->[androidx.work:work-runtime:2.9.1] AndroidManifest.xml:97:25-79
255            </intent-filter>
256        </receiver>
257        <receiver
257-->[androidx.work:work-runtime:2.9.1] AndroidManifest.xml:100:9-109:20
258            android:name="androidx.work.impl.background.systemalarm.ConstraintProxy$NetworkStateProxy"